Arguments: 
  /usr/bin/node /usr/bin/yarn init

PATH: 
  /home/arthur/.vscode-server/bin/e18005f0f1b33c29e81d732535d8c0e47cafb0b5/bin/remote-cli:/usr/local/sbin:/usr/local/bin:/usr/sbin:/usr/bin:/sbin:/bin:/usr/games:/usr/local/games:/usr/lib/wsl/lib:/mnt/c/Users/ARKADE/.oh-my-posh:/mnt/c/Python310/Scripts/:/mnt/c/Python310/:/mnt/c/Program Files/Common Files/Oracle/Java/javapath:/mnt/c/Program Files (x86)/Common Files/Intel/Shared Libraries/redist/intel64/compiler:/mnt/c/Program Files (x86)/Common Files/Oracle/Java/javapath:/mnt/c/Windows/system32:/mnt/c/Windows:/mnt/c/Windows/System32/Wbem:/mnt/c/Windows/System32/WindowsPowerShell/v1.0/:/mnt/c/Windows/System32/OpenSSH/:/mnt/c/MinGW/bin:/mnt/c/Program Files (x86)/NVIDIA Corporation/PhysX/Common:/mnt/c/WINDOWS/system32:/mnt/c/WINDOWS:/mnt/c/WINDOWS/System32/Wbem:/mnt/c/WINDOWS/System32/WindowsPowerShell/v1.0/:/mnt/c/WINDOWS/System32/OpenSSH/:/mnt/c/Program Files/Git/cmd:/mnt/c/Program Files/nodejs/:/mnt/c/ProgramData/chocolatey/bin:/mnt/c/Users/arkade/AppData/Roaming/npm:/mnt/c/HashiCorp/Vagrant/bin:/mnt/c/Program Files/Docker/Docker/resources/bin:/mnt/c/ProgramData/DockerDesktop/version-bin:/mnt/c/Users/ARKADE/AppData/Local/Microsoft/WindowsApps:/mnt/c/Users/ARKADE/AppData/Local/GitHubDesktop/bin:/mnt/c/Users/ARKADE/AppData/Local/Programs/Microsoft VS Code/bin:/mnt/c/MinGW/bin:/mnt/c/Program Files/JetBrains/IntelliJ IDEA 2021.2.2/bin:/mnt/c/Program Files/JetBrains/CLion 2021.3.3/bin:/mnt/c/Users/ARKADE/AppData/Local/Programs/Hyper/resources/bin:/mnt/c/Users/ARKADE/AppData/Roaming/npm/sequelize:/mnt/c/Program Files/JetBrains/JetBrains Rider 2021.3.3/bin:/mnt/c/Users/ARKADE/AppData/Roaming/cabal/bin:/mnt/c/tools/ghc-9.2.2/bin:/mnt/c/tools/msys64:/home/arthur/.fzf/bin

Yarn version: 
  1.22.17

Node version: 
  16.14.2

Platform: 
  linux x64

Trace: 
  Error: canceled
      at Interface.<anonymous> (/usr/lib/node_modules/yarn/lib/cli.js:137143:13)
      at Interface.emit (node:events:526:28)
      at Interface._ttyWrite (node:readline:1081:16)
      at ReadStream.onkeypress (node:readline:288:10)
      at ReadStream.emit (node:events:526:28)
      at emitKeys (node:internal/readline/utils:358:14)
      at emitKeys.next (<anonymous>)
      at ReadStream.onData (node:internal/readline/emitKeypressEvents:61:36)
      at ReadStream.emit (node:events:526:28)
      at addChunk (node:internal/streams/readable:315:12)

npm manifest: 
  No manifest

yarn manifest: 
  No manifest

Lockfile: 
  No lockfile
